<?xml version="1.0" encoding="UTF-8"?>
<!-- Generated by org.testng.reporters.JUnitReportReporter -->
<testsuite hostname="Lekhashree-2114-QA" name="excelReader.TestClass" tests="1" failures="0" timestamp="23 Jul 2021 06:41:45 GMT" time="15.799" errors="0">
  <testcase name="createMultiplePings" time="15.799" classname="excelReader.TestClass"/>
</testsuite> <!-- excelReader.TestClass -->
