<?xml version="1.0" encoding="UTF-8"?>
<!-- Generated by org.testng.reporters.JUnitReportReporter -->
<testsuite hostname="Lekhashree-2114-QA" name="utility.Payload" tests="1" failures="0" timestamp="23 Jul 2021 07:04:02 GMT" time="16.007" errors="0">
  <testcase name="createMultiplePings" time="16.007" classname="utility.Payload"/>
</testsuite> <!-- utility.Payload -->
