<?xml version="1.0" encoding="UTF-8"?>
<!-- Generated by org.testng.reporters.JUnitReportReporter -->
<testsuite hostname="LAPTOP-HE10OT5B" name="tests.Test_DELETE" tests="1" failures="0" timestamp="1 Aug 2020 16:08:07 GMT" time="3.812" errors="0">
  <testcase name="test_DELETE" time="3.812" classname="tests.Test_DELETE"/>
</testsuite> <!-- tests.Test_DELETE -->
