<?xml version="1.0" encoding="UTF-8"?>
<!-- Generated by org.testng.reporters.JUnitReportReporter -->
<testsuite hostname="Lekhashree-2114-QA" name="regression.ReportTests" tests="1" failures="0" timestamp="9 Feb 2021 10:23:47 GMT" time="2.652" errors="0">
  <testcase name="verifyDailyTripVehicleNoFilter" time="2.652" classname="regression.ReportTests"/>
</testsuite> <!-- regression.ReportTests -->
