<?xml version="1.0" encoding="UTF-8"?>
<!-- Generated by org.testng.reporters.JUnitReportReporter -->
<testsuite hostname="LAPTOP-HE10OT5B" name="tests.Test_PUT" tests="1" failures="0" timestamp="1 Aug 2020 16:03:09 GMT" time="3.219" errors="0">
  <testcase name="test_01" time="3.219" classname="tests.Test_PUT"/>
</testsuite> <!-- tests.Test_PUT -->
