<?xml version="1.0" encoding="UTF-8"?>
<!-- Generated by org.testng.reporters.JUnitReportReporter -->
<testsuite hostname="LAPTOP-HE10OT5B" name="testpoi.CreatePoi" tests="1" failures="0" timestamp="15 Aug 2020 16:38:40 GMT" time="3.066" errors="0">
  <testcase name="create_POI" time="3.066" classname="testpoi.CreatePoi"/>
</testsuite> <!-- testpoi.CreatePoi -->
