<?xml version="1.0" encoding="UTF-8"?>
<!-- Generated by org.testng.reporters.JUnitReportReporter -->
<testsuite hostname="LAPTOP-HE10OT5B" name="tests.Test_POST" tests="1" failures="0" timestamp="10 Aug 2020 11:23:45 GMT" time="6.475" errors="0">
  <testcase name="test_POST" time="6.475" classname="tests.Test_POST"/>
</testsuite> <!-- tests.Test_POST -->
