<?xml version="1.0" encoding="UTF-8"?>
<!-- Generated by org.testng.reporters.JUnitReportReporter -->
<testsuite hostname="LAPTOP-HE10OT5B" name="tests.Test_GET" tests="1" failures="0" timestamp="1 Aug 2020 13:38:07 GMT" time="4.395" errors="0">
  <testcase name="test_01" time="4.395" classname="tests.Test_GET"/>
</testsuite> <!-- tests.Test_GET -->
