<?xml version="1.0" encoding="UTF-8"?>
<!-- Generated by org.testng.reporters.JUnitReportReporter -->
<testsuite hostname="LAPTOP-HE10OT5B" name="testpoi.Test_POST_POI" tests="1" failures="0" timestamp="16 Aug 2020 08:12:51 GMT" time="3.033" errors="0">
  <testcase name="create_POI" time="3.033" classname="testpoi.Test_POST_POI"/>
</testsuite> <!-- testpoi.Test_POST_POI -->
