<?xml version="1.0" encoding="UTF-8"?>
<!-- Generated by org.testng.reporters.JUnitReportReporter -->
<testsuite hostname="Lekhashree-2114-QA" name="test.BasicCheck" tests="1" failures="0" timestamp="15 Feb 2021 09:35:06 GMT" time="0.085" errors="0">
  <testcase name="testConnection" time="0.085" classname="test.BasicCheck"/>
</testsuite> <!-- test.BasicCheck -->
