<?xml version="1.0" encoding="UTF-8"?>
<!-- Generated by org.testng.reporters.JUnitReportReporter -->
<testsuite hostname="Lekhashree-2114-QA" name="simplify.TestClass" tests="1" failures="0" timestamp="19 Jan 2021 08:56:06 GMT" time="2.540" errors="0">
  <testcase name="getAlertReport" time="2.540" classname="simplify.TestClass"/>
</testsuite> <!-- simplify.TestClass -->
