<?xml version="1.0" encoding="UTF-8"?>
<!-- Generated by org.testng.reporters.JUnitReportReporter -->
<testsuite hostname="Lekhashree-2114-QA" name="simplify.ReportTests" tests="1" failures="0" timestamp="2 Feb 2021 14:15:40 GMT" time="2.569" errors="0">
  <testcase name="verifyDailyTripStateFilter" time="2.569" classname="simplify.ReportTests"/>
</testsuite> <!-- simplify.ReportTests -->
