<?xml version="1.0" encoding="UTF-8"?>
<!-- Generated by org.testng.reporters.JUnitReportReporter -->
<testsuite hostname="LAPTOP-HE10OT5B" name="testpoi.Test_GET_POI" tests="1" failures="0" timestamp="18 Aug 2020 06:43:09 GMT" time="3.134" errors="0">
  <testcase name="get_POI" time="3.134" classname="testpoi.Test_GET_POI"/>
</testsuite> <!-- testpoi.Test_GET_POI -->
