<?xml version="1.0" encoding="UTF-8"?>
<!-- Generated by org.testng.reporters.JUnitReportReporter -->
<testsuite hostname="Lekhashree-2114-QA" name="util.ExcelReaderTest" tests="1" failures="0" timestamp="14 Dec 2020 10:25:40 GMT" time="106.532" errors="0">
  <testcase name="createMultiplePings" time="106.532" classname="util.ExcelReaderTest"/>
</testsuite> <!-- util.ExcelReaderTest -->
